<!DOCTYPE html>

<html>
  <head>
  <meta charset='utf-8'>
  <title>TestNG reports</title>

    <link type="text/css" href="testng-reports.css" rel="stylesheet" />
    <script type="text/javascript" src="jquery-1.7.1.min.js"></script>
    <script type="text/javascript" src="testng-reports.js"></script>
    <script type="text/javascript" src="https://www.google.com/jsapi"></script>
    <script type='text/javascript'>
      google.load('visualization', '1', {packages:['table']});
      google.setOnLoadCallback(drawTable);
      var suiteTableInitFunctions = new Array();
      var suiteTableData = new Array();
    </script>
    <!--
      <script type="text/javascript" src="jquery-ui/js/jquery-ui-1.8.16.custom.min.js"></script>
     -->
  </head>

  <body>
    <div class="top-banner-root">
      <span class="top-banner-title-font">Test results</span>
      <br/>
      <span class="top-banner-font-1">1 suite</span>
    </div> <!-- top-banner-root -->
    <div class="navigator-root">
      <div class="navigator-suite-header">
        <span>All suites</span>
        <a href="#" title="Collapse/expand all the suites" class="collapse-all-link">
          <img src="collapseall.gif" class="collapse-all-icon">
          </img> <!-- collapse-all-icon -->
        </a> <!-- collapse-all-link -->
      </div> <!-- navigator-suite-header -->
      <div class="suite">
        <div class="rounded-window">
          <div class="suite-header light-rounded-window-top">
            <a href="#" panel-name="suite-Open_Cart_Test_Regression_PW_Suite" class="navigator-link">
              <span class="suite-name border-skipped">Open Cart Test Regression PW Suite</span>
            </a> <!-- navigator-link -->
          </div> <!-- suite-header light-rounded-window-top -->
          <div class="navigator-suite-content">
            <div class="suite-section-title">
              <span>Info</span>
            </div> <!-- suite-section-title -->
            <div class="suite-section-content">
              <ul>
                <li>
                  <a href="#" panel-name="test-xml-Open_Cart_Test_Regression_PW_Suite" class="navigator-link ">
                    <span>testng_regression.xml</span>
                  </a> <!-- navigator-link  -->
                </li>
                <li>
                  <a href="#" panel-name="testlist-Open_Cart_Test_Regression_PW_Suite" class="navigator-link ">
                    <span class="test-stats">1 test</span>
                  </a> <!-- navigator-link  -->
                </li>
                <li>
                  <a href="#" panel-name="group-Open_Cart_Test_Regression_PW_Suite" class="navigator-link ">
                    <span>0 groups</span>
                  </a> <!-- navigator-link  -->
                </li>
                <li>
                  <a href="#" panel-name="times-Open_Cart_Test_Regression_PW_Suite" class="navigator-link ">
                    <span>Times</span>
                  </a> <!-- navigator-link  -->
                </li>
                <li>
                  <a href="#" panel-name="reporter-Open_Cart_Test_Regression_PW_Suite" class="navigator-link ">
                    <span>Reporter output</span>
                  </a> <!-- navigator-link  -->
                </li>
                <li>
                  <a href="#" panel-name="ignored-methods-Open_Cart_Test_Regression_PW_Suite" class="navigator-link ">
                    <span>Ignored methods</span>
                  </a> <!-- navigator-link  -->
                </li>
                <li>
                  <a href="#" panel-name="chronological-Open_Cart_Test_Regression_PW_Suite" class="navigator-link ">
                    <span>Chronological view</span>
                  </a> <!-- navigator-link  -->
                </li>
              </ul>
            </div> <!-- suite-section-content -->
            <div class="result-section">
              <div class="suite-section-title">
                <span>Results</span>
              </div> <!-- suite-section-title -->
              <div class="suite-section-content">
                <ul>
                  <li>
                    <span class="method-stats">5 methods,  5 skipped,  </span>
                  </li>
                  <li>
                    <span class="method-list-title skipped">Skipped methods</span>
                    <span class="show-or-hide-methods skipped">
                      <a href="#" panel-name="suite-Open_Cart_Test_Regression_PW_Suite" class="hide-methods skipped suite-Open_Cart_Test_Regression_PW_Suite"> (hide)</a> <!-- hide-methods skipped suite-Open_Cart_Test_Regression_PW_Suite -->
                      <a href="#" panel-name="suite-Open_Cart_Test_Regression_PW_Suite" class="show-methods skipped suite-Open_Cart_Test_Regression_PW_Suite"> (show)</a> <!-- show-methods skipped suite-Open_Cart_Test_Regression_PW_Suite -->
                    </span>
                    <div class="method-list-content skipped suite-Open_Cart_Test_Regression_PW_Suite">
                      <span>
                        <img src="skipped.png" width="3%"/>
                        <a href="#" panel-name="suite-Open_Cart_Test_Regression_PW_Suite" title="com.qa.opencart.tests.HomePageTest" class="method navigator-link" hash-for-method="homePageTitleTest">homePageTitleTest</a> <!-- method navigator-link -->
                      </span>
                      <br/>
                      <span>
                        <img src="skipped.png" width="3%"/>
                        <a href="#" panel-name="suite-Open_Cart_Test_Regression_PW_Suite" title="com.qa.opencart.tests.HomePageTest" class="method navigator-link" hash-for-method="homePageURLTest">homePageURLTest</a> <!-- method navigator-link -->
                      </span>
                      <br/>
                      <span>
                        <img src="skipped.png" width="3%"/>
                        <a href="#" panel-name="suite-Open_Cart_Test_Regression_PW_Suite" title="com.qa.opencart.tests.HomePageTest" class="method navigator-link" hash-for-method="searchTest">searchTest</a> <!-- method navigator-link -->
                      </span>
                      <br/>
                      <span>
                        <img src="skipped.png" width="3%"/>
                        <a href="#" panel-name="suite-Open_Cart_Test_Regression_PW_Suite" title="com.qa.opencart.tests.HomePageTest" class="method navigator-link" hash-for-method="searchTest">searchTest</a> <!-- method navigator-link -->
                      </span>
                      <br/>
                      <span>
                        <img src="skipped.png" width="3%"/>
                        <a href="#" panel-name="suite-Open_Cart_Test_Regression_PW_Suite" title="com.qa.opencart.tests.HomePageTest" class="method navigator-link" hash-for-method="searchTest">searchTest</a> <!-- method navigator-link -->
                      </span>
                      <br/>
                    </div> <!-- method-list-content skipped suite-Open_Cart_Test_Regression_PW_Suite -->
                  </li>
                </ul>
              </div> <!-- suite-section-content -->
            </div> <!-- result-section -->
          </div> <!-- navigator-suite-content -->
        </div> <!-- rounded-window -->
      </div> <!-- suite -->
    </div> <!-- navigator-root -->
    <div class="wrapper">
      <div class="main-panel-root">
        <div panel-name="suite-Open_Cart_Test_Regression_PW_Suite" class="panel Open_Cart_Test_Regression_PW_Suite">
          <div class="suite-Open_Cart_Test_Regression_PW_Suite-class-skipped">
            <div class="main-panel-header rounded-window-top">
              <img src="skipped.png"/>
              <span class="class-name">com.qa.opencart.tests.HomePageTest</span>
            </div> <!-- main-panel-header rounded-window-top -->
            <div class="main-panel-content rounded-window-bottom">
              <div class="method">
                <div class="method-content">
                  <a name="homePageTitleTest">
                  </a> <!-- homePageTitleTest -->
                  <span class="method-name">homePageTitleTest</span>
                  <div class="stack-trace">com.microsoft.playwright.PlaywrightException: Error {
  message=&apos;Target closed
  name=&apos;Error
  stack=&apos;Error: Target closed
    at /private/var/folders/18/q5phhfxn7n78r8d9_6qnp95r0000gn/T/playwright-java-10633716006018897578/package/lib/server/webkit/wkConnection.js:163:16
    at new Promise (&lt;anonymous&gt;)
    at WKSession.send (/private/var/folders/18/q5phhfxn7n78r8d9_6qnp95r0000gn/T/playwright-java-10633716006018897578/package/lib/server/webkit/wkConnection.js:159:12)
    at WKPage._updateViewport (/private/var/folders/18/q5phhfxn7n78r8d9_6qnp95r0000gn/T/playwright-java-10633716006018897578/package/lib/server/webkit/wkPage.js:815:23)
    at WKPage._initializePageProxySession (/private/var/folders/18/q5phhfxn7n78r8d9_6qnp95r0000gn/T/playwright-java-10633716006018897578/package/lib/server/webkit/wkPage.js:152:24)
    at WKPage._onTargetCreated (/private/var/folders/18/q5phhfxn7n78r8d9_6qnp95r0000gn/T/playwright-java-10633716006018897578/package/lib/server/webkit/wkPage.js:423:33)
    at WKSession.emit (node:events:390:28)
    at /private/var/folders/18/q5phhfxn7n78r8d9_6qnp95r0000gn/T/playwright-java-10633716006018897578/package/lib/server/webkit/wkConnection.js:205:41
}
	at com.microsoft.playwright.impl.WaitableResult.get(WaitableResult.java:54)
	at com.microsoft.playwright.impl.ChannelOwner.runUntil(ChannelOwner.java:103)
	at com.microsoft.playwright.impl.Connection.sendMessage(Connection.java:105)
	at com.microsoft.playwright.impl.ChannelOwner.sendMessage(ChannelOwner.java:94)
	at com.microsoft.playwright.impl.ChannelOwner.sendMessage(ChannelOwner.java:90)
	at com.microsoft.playwright.impl.BrowserContextImpl.newPageImpl(BrowserContextImpl.java:323)
	at com.microsoft.playwright.impl.BrowserContextImpl.lambda$newPage$12(BrowserContextImpl.java:316)
	at com.microsoft.playwright.impl.LoggingSupport.withLogging(LoggingSupport.java:47)
	at com.microsoft.playwright.impl.ChannelOwner.withLogging(ChannelOwner.java:79)
	at com.microsoft.playwright.impl.BrowserContextImpl.newPage(BrowserContextImpl.java:316)
	at com.microsoft.playwright.impl.BrowserContextImpl.newPage(BrowserContextImpl.java:44)
	at com.qa.opencart.factory.PlaywrightFactory.initBrowser(PlaywrightFactory.java:61)
	at com.qa.opencart.base.BaseTest.setup(BaseTest.java:22)
	at java.base/jdk.internal.reflect.NativeMethodAccessorImpl.invoke0(Native Method)
	at java.base/jdk.internal.reflect.NativeMethodAccessorImpl.invoke(NativeMethodAccessorImpl.java:77)
	at java.base/jdk.internal.reflect.DelegatingMethodAccessorImpl.invoke(DelegatingMethodAccessorImpl.java:43)
	at java.base/java.lang.reflect.Method.invoke(Method.java:568)
	at org.testng.internal.MethodInvocationHelper.invokeMethod(MethodInvocationHelper.java:124)
	at org.testng.internal.MethodInvocationHelper.invokeMethodConsideringTimeout(MethodInvocationHelper.java:59)
	at org.testng.internal.Invoker.invokeConfigurationMethod(Invoker.java:458)
	at org.testng.internal.Invoker.invokeConfigurations(Invoker.java:222)
	at org.testng.internal.Invoker.invokeConfigurations(Invoker.java:142)
	at org.testng.TestRunner.beforeRun(TestRunner.java:529)
	at org.testng.TestRunner.run(TestRunner.java:497)
	at org.testng.SuiteRunner.runTest(SuiteRunner.java:455)
	at org.testng.SuiteRunner.runSequentially(SuiteRunner.java:450)
	at org.testng.SuiteRunner.privateRun(SuiteRunner.java:415)
	at org.testng.SuiteRunner.run(SuiteRunner.java:364)
	at org.testng.SuiteRunnerWorker.runSuite(SuiteRunnerWorker.java:52)
	at org.testng.SuiteRunnerWorker.run(SuiteRunnerWorker.java:84)
	at org.testng.TestNG.runSuitesSequentially(TestNG.java:1208)
	at org.testng.TestNG.runSuitesLocally(TestNG.java:1137)
	at org.testng.TestNG.runSuites(TestNG.java:1049)
	at org.testng.TestNG.run(TestNG.java:1017)
	at org.testng.remote.AbstractRemoteTestNG.run(AbstractRemoteTestNG.java:115)
	at org.testng.remote.RemoteTestNG.initAndRun(RemoteTestNG.java:251)
	at org.testng.remote.RemoteTestNG.main(RemoteTestNG.java:77)
Caused by: com.microsoft.playwright.impl.DriverException: Error {
  message=&apos;Target closed
  name=&apos;Error
  stack=&apos;Error: Target closed
    at /private/var/folders/18/q5phhfxn7n78r8d9_6qnp95r0000gn/T/playwright-java-10633716006018897578/package/lib/server/webkit/wkConnection.js:163:16
    at new Promise (&lt;anonymous&gt;)
    at WKSession.send (/private/var/folders/18/q5phhfxn7n78r8d9_6qnp95r0000gn/T/playwright-java-10633716006018897578/package/lib/server/webkit/wkConnection.js:159:12)
    at WKPage._updateViewport (/private/var/folders/18/q5phhfxn7n78r8d9_6qnp95r0000gn/T/playwright-java-10633716006018897578/package/lib/server/webkit/wkPage.js:815:23)
    at WKPage._initializePageProxySession (/private/var/folders/18/q5phhfxn7n78r8d9_6qnp95r0000gn/T/playwright-java-10633716006018897578/package/lib/server/webkit/wkPage.js:152:24)
    at WKPage._onTargetCreated (/private/var/folders/18/q5phhfxn7n78r8d9_6qnp95r0000gn/T/playwright-java-10633716006018897578/package/lib/server/webkit/wkPage.js:423:33)
    at WKSession.emit (node:events:390:28)
    at /private/var/folders/18/q5phhfxn7n78r8d9_6qnp95r0000gn/T/playwright-java-10633716006018897578/package/lib/server/webkit/wkConnection.js:205:41
}
	at com.microsoft.playwright.impl.Connection.dispatch(Connection.java:183)
	at com.microsoft.playwright.impl.Connection.processOneMessage(Connection.java:163)
	at com.microsoft.playwright.impl.ChannelOwner.runUntil(ChannelOwner.java:101)
	... 35 more

</div> <!-- stack-trace -->
                  <em>
(This test will verify the home page title)                  </em>
                </div> <!-- method-content -->
              </div> <!-- method -->
              <div class="method">
                <div class="method-content">
                  <a name="homePageURLTest">
                  </a> <!-- homePageURLTest -->
                  <span class="method-name">homePageURLTest</span>
                  <div class="stack-trace">com.microsoft.playwright.PlaywrightException: Error {
  message=&apos;Target closed
  name=&apos;Error
  stack=&apos;Error: Target closed
    at /private/var/folders/18/q5phhfxn7n78r8d9_6qnp95r0000gn/T/playwright-java-10633716006018897578/package/lib/server/webkit/wkConnection.js:163:16
    at new Promise (&lt;anonymous&gt;)
    at WKSession.send (/private/var/folders/18/q5phhfxn7n78r8d9_6qnp95r0000gn/T/playwright-java-10633716006018897578/package/lib/server/webkit/wkConnection.js:159:12)
    at WKPage._updateViewport (/private/var/folders/18/q5phhfxn7n78r8d9_6qnp95r0000gn/T/playwright-java-10633716006018897578/package/lib/server/webkit/wkPage.js:815:23)
    at WKPage._initializePageProxySession (/private/var/folders/18/q5phhfxn7n78r8d9_6qnp95r0000gn/T/playwright-java-10633716006018897578/package/lib/server/webkit/wkPage.js:152:24)
    at WKPage._onTargetCreated (/private/var/folders/18/q5phhfxn7n78r8d9_6qnp95r0000gn/T/playwright-java-10633716006018897578/package/lib/server/webkit/wkPage.js:423:33)
    at WKSession.emit (node:events:390:28)
    at /private/var/folders/18/q5phhfxn7n78r8d9_6qnp95r0000gn/T/playwright-java-10633716006018897578/package/lib/server/webkit/wkConnection.js:205:41
}
	at com.microsoft.playwright.impl.WaitableResult.get(WaitableResult.java:54)
	at com.microsoft.playwright.impl.ChannelOwner.runUntil(ChannelOwner.java:103)
	at com.microsoft.playwright.impl.Connection.sendMessage(Connection.java:105)
	at com.microsoft.playwright.impl.ChannelOwner.sendMessage(ChannelOwner.java:94)
	at com.microsoft.playwright.impl.ChannelOwner.sendMessage(ChannelOwner.java:90)
	at com.microsoft.playwright.impl.BrowserContextImpl.newPageImpl(BrowserContextImpl.java:323)
	at com.microsoft.playwright.impl.BrowserContextImpl.lambda$newPage$12(BrowserContextImpl.java:316)
	at com.microsoft.playwright.impl.LoggingSupport.withLogging(LoggingSupport.java:47)
	at com.microsoft.playwright.impl.ChannelOwner.withLogging(ChannelOwner.java:79)
	at com.microsoft.playwright.impl.BrowserContextImpl.newPage(BrowserContextImpl.java:316)
	at com.microsoft.playwright.impl.BrowserContextImpl.newPage(BrowserContextImpl.java:44)
	at com.qa.opencart.factory.PlaywrightFactory.initBrowser(PlaywrightFactory.java:61)
	at com.qa.opencart.base.BaseTest.setup(BaseTest.java:22)
	at java.base/jdk.internal.reflect.NativeMethodAccessorImpl.invoke0(Native Method)
	at java.base/jdk.internal.reflect.NativeMethodAccessorImpl.invoke(NativeMethodAccessorImpl.java:77)
	at java.base/jdk.internal.reflect.DelegatingMethodAccessorImpl.invoke(DelegatingMethodAccessorImpl.java:43)
	at java.base/java.lang.reflect.Method.invoke(Method.java:568)
	at org.testng.internal.MethodInvocationHelper.invokeMethod(MethodInvocationHelper.java:124)
	at org.testng.internal.MethodInvocationHelper.invokeMethodConsideringTimeout(MethodInvocationHelper.java:59)
	at org.testng.internal.Invoker.invokeConfigurationMethod(Invoker.java:458)
	at org.testng.internal.Invoker.invokeConfigurations(Invoker.java:222)
	at org.testng.internal.Invoker.invokeConfigurations(Invoker.java:142)
	at org.testng.TestRunner.beforeRun(TestRunner.java:529)
	at org.testng.TestRunner.run(TestRunner.java:497)
	at org.testng.SuiteRunner.runTest(SuiteRunner.java:455)
	at org.testng.SuiteRunner.runSequentially(SuiteRunner.java:450)
	at org.testng.SuiteRunner.privateRun(SuiteRunner.java:415)
	at org.testng.SuiteRunner.run(SuiteRunner.java:364)
	at org.testng.SuiteRunnerWorker.runSuite(SuiteRunnerWorker.java:52)
	at org.testng.SuiteRunnerWorker.run(SuiteRunnerWorker.java:84)
	at org.testng.TestNG.runSuitesSequentially(TestNG.java:1208)
	at org.testng.TestNG.runSuitesLocally(TestNG.java:1137)
	at org.testng.TestNG.runSuites(TestNG.java:1049)
	at org.testng.TestNG.run(TestNG.java:1017)
	at org.testng.remote.AbstractRemoteTestNG.run(AbstractRemoteTestNG.java:115)
	at org.testng.remote.RemoteTestNG.initAndRun(RemoteTestNG.java:251)
	at org.testng.remote.RemoteTestNG.main(RemoteTestNG.java:77)
Caused by: com.microsoft.playwright.impl.DriverException: Error {
  message=&apos;Target closed
  name=&apos;Error
  stack=&apos;Error: Target closed
    at /private/var/folders/18/q5phhfxn7n78r8d9_6qnp95r0000gn/T/playwright-java-10633716006018897578/package/lib/server/webkit/wkConnection.js:163:16
    at new Promise (&lt;anonymous&gt;)
    at WKSession.send (/private/var/folders/18/q5phhfxn7n78r8d9_6qnp95r0000gn/T/playwright-java-10633716006018897578/package/lib/server/webkit/wkConnection.js:159:12)
    at WKPage._updateViewport (/private/var/folders/18/q5phhfxn7n78r8d9_6qnp95r0000gn/T/playwright-java-10633716006018897578/package/lib/server/webkit/wkPage.js:815:23)
    at WKPage._initializePageProxySession (/private/var/folders/18/q5phhfxn7n78r8d9_6qnp95r0000gn/T/playwright-java-10633716006018897578/package/lib/server/webkit/wkPage.js:152:24)
    at WKPage._onTargetCreated (/private/var/folders/18/q5phhfxn7n78r8d9_6qnp95r0000gn/T/playwright-java-10633716006018897578/package/lib/server/webkit/wkPage.js:423:33)
    at WKSession.emit (node:events:390:28)
    at /private/var/folders/18/q5phhfxn7n78r8d9_6qnp95r0000gn/T/playwright-java-10633716006018897578/package/lib/server/webkit/wkConnection.js:205:41
}
	at com.microsoft.playwright.impl.Connection.dispatch(Connection.java:183)
	at com.microsoft.playwright.impl.Connection.processOneMessage(Connection.java:163)
	at com.microsoft.playwright.impl.ChannelOwner.runUntil(ChannelOwner.java:101)
	... 35 more

</div> <!-- stack-trace -->
                  <em>
(This test will verify the home page URL)                  </em>
                </div> <!-- method-content -->
              </div> <!-- method -->
              <div class="method">
                <div class="method-content">
                  <a name="searchTest">
                  </a> <!-- searchTest -->
                  <span class="method-name">searchTest</span>
                  <div class="stack-trace">com.microsoft.playwright.PlaywrightException: Error {
  message=&apos;Target closed
  name=&apos;Error
  stack=&apos;Error: Target closed
    at /private/var/folders/18/q5phhfxn7n78r8d9_6qnp95r0000gn/T/playwright-java-10633716006018897578/package/lib/server/webkit/wkConnection.js:163:16
    at new Promise (&lt;anonymous&gt;)
    at WKSession.send (/private/var/folders/18/q5phhfxn7n78r8d9_6qnp95r0000gn/T/playwright-java-10633716006018897578/package/lib/server/webkit/wkConnection.js:159:12)
    at WKPage._updateViewport (/private/var/folders/18/q5phhfxn7n78r8d9_6qnp95r0000gn/T/playwright-java-10633716006018897578/package/lib/server/webkit/wkPage.js:815:23)
    at WKPage._initializePageProxySession (/private/var/folders/18/q5phhfxn7n78r8d9_6qnp95r0000gn/T/playwright-java-10633716006018897578/package/lib/server/webkit/wkPage.js:152:24)
    at WKPage._onTargetCreated (/private/var/folders/18/q5phhfxn7n78r8d9_6qnp95r0000gn/T/playwright-java-10633716006018897578/package/lib/server/webkit/wkPage.js:423:33)
    at WKSession.emit (node:events:390:28)
    at /private/var/folders/18/q5phhfxn7n78r8d9_6qnp95r0000gn/T/playwright-java-10633716006018897578/package/lib/server/webkit/wkConnection.js:205:41
}
	at com.microsoft.playwright.impl.WaitableResult.get(WaitableResult.java:54)
	at com.microsoft.playwright.impl.ChannelOwner.runUntil(ChannelOwner.java:103)
	at com.microsoft.playwright.impl.Connection.sendMessage(Connection.java:105)
	at com.microsoft.playwright.impl.ChannelOwner.sendMessage(ChannelOwner.java:94)
	at com.microsoft.playwright.impl.ChannelOwner.sendMessage(ChannelOwner.java:90)
	at com.microsoft.playwright.impl.BrowserContextImpl.newPageImpl(BrowserContextImpl.java:323)
	at com.microsoft.playwright.impl.BrowserContextImpl.lambda$newPage$12(BrowserContextImpl.java:316)
	at com.microsoft.playwright.impl.LoggingSupport.withLogging(LoggingSupport.java:47)
	at com.microsoft.playwright.impl.ChannelOwner.withLogging(ChannelOwner.java:79)
	at com.microsoft.playwright.impl.BrowserContextImpl.newPage(BrowserContextImpl.java:316)
	at com.microsoft.playwright.impl.BrowserContextImpl.newPage(BrowserContextImpl.java:44)
	at com.qa.opencart.factory.PlaywrightFactory.initBrowser(PlaywrightFactory.java:61)
	at com.qa.opencart.base.BaseTest.setup(BaseTest.java:22)
	at java.base/jdk.internal.reflect.NativeMethodAccessorImpl.invoke0(Native Method)
	at java.base/jdk.internal.reflect.NativeMethodAccessorImpl.invoke(NativeMethodAccessorImpl.java:77)
	at java.base/jdk.internal.reflect.DelegatingMethodAccessorImpl.invoke(DelegatingMethodAccessorImpl.java:43)
	at java.base/java.lang.reflect.Method.invoke(Method.java:568)
	at org.testng.internal.MethodInvocationHelper.invokeMethod(MethodInvocationHelper.java:124)
	at org.testng.internal.MethodInvocationHelper.invokeMethodConsideringTimeout(MethodInvocationHelper.java:59)
	at org.testng.internal.Invoker.invokeConfigurationMethod(Invoker.java:458)
	at org.testng.internal.Invoker.invokeConfigurations(Invoker.java:222)
	at org.testng.internal.Invoker.invokeConfigurations(Invoker.java:142)
	at org.testng.TestRunner.beforeRun(TestRunner.java:529)
	at org.testng.TestRunner.run(TestRunner.java:497)
	at org.testng.SuiteRunner.runTest(SuiteRunner.java:455)
	at org.testng.SuiteRunner.runSequentially(SuiteRunner.java:450)
	at org.testng.SuiteRunner.privateRun(SuiteRunner.java:415)
	at org.testng.SuiteRunner.run(SuiteRunner.java:364)
	at org.testng.SuiteRunnerWorker.runSuite(SuiteRunnerWorker.java:52)
	at org.testng.SuiteRunnerWorker.run(SuiteRunnerWorker.java:84)
	at org.testng.TestNG.runSuitesSequentially(TestNG.java:1208)
	at org.testng.TestNG.runSuitesLocally(TestNG.java:1137)
	at org.testng.TestNG.runSuites(TestNG.java:1049)
	at org.testng.TestNG.run(TestNG.java:1017)
	at org.testng.remote.AbstractRemoteTestNG.run(AbstractRemoteTestNG.java:115)
	at org.testng.remote.RemoteTestNG.initAndRun(RemoteTestNG.java:251)
	at org.testng.remote.RemoteTestNG.main(RemoteTestNG.java:77)
Caused by: com.microsoft.playwright.impl.DriverException: Error {
  message=&apos;Target closed
  name=&apos;Error
  stack=&apos;Error: Target closed
    at /private/var/folders/18/q5phhfxn7n78r8d9_6qnp95r0000gn/T/playwright-java-10633716006018897578/package/lib/server/webkit/wkConnection.js:163:16
    at new Promise (&lt;anonymous&gt;)
    at WKSession.send (/private/var/folders/18/q5phhfxn7n78r8d9_6qnp95r0000gn/T/playwright-java-10633716006018897578/package/lib/server/webkit/wkConnection.js:159:12)
    at WKPage._updateViewport (/private/var/folders/18/q5phhfxn7n78r8d9_6qnp95r0000gn/T/playwright-java-10633716006018897578/package/lib/server/webkit/wkPage.js:815:23)
    at WKPage._initializePageProxySession (/private/var/folders/18/q5phhfxn7n78r8d9_6qnp95r0000gn/T/playwright-java-10633716006018897578/package/lib/server/webkit/wkPage.js:152:24)
    at WKPage._onTargetCreated (/private/var/folders/18/q5phhfxn7n78r8d9_6qnp95r0000gn/T/playwright-java-10633716006018897578/package/lib/server/webkit/wkPage.js:423:33)
    at WKSession.emit (node:events:390:28)
    at /private/var/folders/18/q5phhfxn7n78r8d9_6qnp95r0000gn/T/playwright-java-10633716006018897578/package/lib/server/webkit/wkConnection.js:205:41
}
	at com.microsoft.playwright.impl.Connection.dispatch(Connection.java:183)
	at com.microsoft.playwright.impl.Connection.processOneMessage(Connection.java:163)
	at com.microsoft.playwright.impl.ChannelOwner.runUntil(ChannelOwner.java:101)
	... 35 more

</div> <!-- stack-trace -->
                  <em>
(This test will verify the search results)                  </em>
                </div> <!-- method-content -->
              </div> <!-- method -->
              <div class="method">
                <div class="method-content">
                  <a name="searchTest">
                  </a> <!-- searchTest -->
                  <span class="method-name">searchTest</span>
                  <div class="stack-trace">com.microsoft.playwright.PlaywrightException: Error {
  message=&apos;Target closed
  name=&apos;Error
  stack=&apos;Error: Target closed
    at /private/var/folders/18/q5phhfxn7n78r8d9_6qnp95r0000gn/T/playwright-java-10633716006018897578/package/lib/server/webkit/wkConnection.js:163:16
    at new Promise (&lt;anonymous&gt;)
    at WKSession.send (/private/var/folders/18/q5phhfxn7n78r8d9_6qnp95r0000gn/T/playwright-java-10633716006018897578/package/lib/server/webkit/wkConnection.js:159:12)
    at WKPage._updateViewport (/private/var/folders/18/q5phhfxn7n78r8d9_6qnp95r0000gn/T/playwright-java-10633716006018897578/package/lib/server/webkit/wkPage.js:815:23)
    at WKPage._initializePageProxySession (/private/var/folders/18/q5phhfxn7n78r8d9_6qnp95r0000gn/T/playwright-java-10633716006018897578/package/lib/server/webkit/wkPage.js:152:24)
    at WKPage._onTargetCreated (/private/var/folders/18/q5phhfxn7n78r8d9_6qnp95r0000gn/T/playwright-java-10633716006018897578/package/lib/server/webkit/wkPage.js:423:33)
    at WKSession.emit (node:events:390:28)
    at /private/var/folders/18/q5phhfxn7n78r8d9_6qnp95r0000gn/T/playwright-java-10633716006018897578/package/lib/server/webkit/wkConnection.js:205:41
}
	at com.microsoft.playwright.impl.WaitableResult.get(WaitableResult.java:54)
	at com.microsoft.playwright.impl.ChannelOwner.runUntil(ChannelOwner.java:103)
	at com.microsoft.playwright.impl.Connection.sendMessage(Connection.java:105)
	at com.microsoft.playwright.impl.ChannelOwner.sendMessage(ChannelOwner.java:94)
	at com.microsoft.playwright.impl.ChannelOwner.sendMessage(ChannelOwner.java:90)
	at com.microsoft.playwright.impl.BrowserContextImpl.newPageImpl(BrowserContextImpl.java:323)
	at com.microsoft.playwright.impl.BrowserContextImpl.lambda$newPage$12(BrowserContextImpl.java:316)
	at com.microsoft.playwright.impl.LoggingSupport.withLogging(LoggingSupport.java:47)
	at com.microsoft.playwright.impl.ChannelOwner.withLogging(ChannelOwner.java:79)
	at com.microsoft.playwright.impl.BrowserContextImpl.newPage(BrowserContextImpl.java:316)
	at com.microsoft.playwright.impl.BrowserContextImpl.newPage(BrowserContextImpl.java:44)
	at com.qa.opencart.factory.PlaywrightFactory.initBrowser(PlaywrightFactory.java:61)
	at com.qa.opencart.base.BaseTest.setup(BaseTest.java:22)
	at java.base/jdk.internal.reflect.NativeMethodAccessorImpl.invoke0(Native Method)
	at java.base/jdk.internal.reflect.NativeMethodAccessorImpl.invoke(NativeMethodAccessorImpl.java:77)
	at java.base/jdk.internal.reflect.DelegatingMethodAccessorImpl.invoke(DelegatingMethodAccessorImpl.java:43)
	at java.base/java.lang.reflect.Method.invoke(Method.java:568)
	at org.testng.internal.MethodInvocationHelper.invokeMethod(MethodInvocationHelper.java:124)
	at org.testng.internal.MethodInvocationHelper.invokeMethodConsideringTimeout(MethodInvocationHelper.java:59)
	at org.testng.internal.Invoker.invokeConfigurationMethod(Invoker.java:458)
	at org.testng.internal.Invoker.invokeConfigurations(Invoker.java:222)
	at org.testng.internal.Invoker.invokeConfigurations(Invoker.java:142)
	at org.testng.TestRunner.beforeRun(TestRunner.java:529)
	at org.testng.TestRunner.run(TestRunner.java:497)
	at org.testng.SuiteRunner.runTest(SuiteRunner.java:455)
	at org.testng.SuiteRunner.runSequentially(SuiteRunner.java:450)
	at org.testng.SuiteRunner.privateRun(SuiteRunner.java:415)
	at org.testng.SuiteRunner.run(SuiteRunner.java:364)
	at org.testng.SuiteRunnerWorker.runSuite(SuiteRunnerWorker.java:52)
	at org.testng.SuiteRunnerWorker.run(SuiteRunnerWorker.java:84)
	at org.testng.TestNG.runSuitesSequentially(TestNG.java:1208)
	at org.testng.TestNG.runSuitesLocally(TestNG.java:1137)
	at org.testng.TestNG.runSuites(TestNG.java:1049)
	at org.testng.TestNG.run(TestNG.java:1017)
	at org.testng.remote.AbstractRemoteTestNG.run(AbstractRemoteTestNG.java:115)
	at org.testng.remote.RemoteTestNG.initAndRun(RemoteTestNG.java:251)
	at org.testng.remote.RemoteTestNG.main(RemoteTestNG.java:77)
Caused by: com.microsoft.playwright.impl.DriverException: Error {
  message=&apos;Target closed
  name=&apos;Error
  stack=&apos;Error: Target closed
    at /private/var/folders/18/q5phhfxn7n78r8d9_6qnp95r0000gn/T/playwright-java-10633716006018897578/package/lib/server/webkit/wkConnection.js:163:16
    at new Promise (&lt;anonymous&gt;)
    at WKSession.send (/private/var/folders/18/q5phhfxn7n78r8d9_6qnp95r0000gn/T/playwright-java-10633716006018897578/package/lib/server/webkit/wkConnection.js:159:12)
    at WKPage._updateViewport (/private/var/folders/18/q5phhfxn7n78r8d9_6qnp95r0000gn/T/playwright-java-10633716006018897578/package/lib/server/webkit/wkPage.js:815:23)
    at WKPage._initializePageProxySession (/private/var/folders/18/q5phhfxn7n78r8d9_6qnp95r0000gn/T/playwright-java-10633716006018897578/package/lib/server/webkit/wkPage.js:152:24)
    at WKPage._onTargetCreated (/private/var/folders/18/q5phhfxn7n78r8d9_6qnp95r0000gn/T/playwright-java-10633716006018897578/package/lib/server/webkit/wkPage.js:423:33)
    at WKSession.emit (node:events:390:28)
    at /private/var/folders/18/q5phhfxn7n78r8d9_6qnp95r0000gn/T/playwright-java-10633716006018897578/package/lib/server/webkit/wkConnection.js:205:41
}
	at com.microsoft.playwright.impl.Connection.dispatch(Connection.java:183)
	at com.microsoft.playwright.impl.Connection.processOneMessage(Connection.java:163)
	at com.microsoft.playwright.impl.ChannelOwner.runUntil(ChannelOwner.java:101)
	... 35 more

</div> <!-- stack-trace -->
                  <em>
(This test will verify the search results)                  </em>
                </div> <!-- method-content -->
              </div> <!-- method -->
              <div class="method">
                <div class="method-content">
                  <a name="searchTest">
                  </a> <!-- searchTest -->
                  <span class="method-name">searchTest</span>
                  <div class="stack-trace">com.microsoft.playwright.PlaywrightException: Error {
  message=&apos;Target closed
  name=&apos;Error
  stack=&apos;Error: Target closed
    at /private/var/folders/18/q5phhfxn7n78r8d9_6qnp95r0000gn/T/playwright-java-10633716006018897578/package/lib/server/webkit/wkConnection.js:163:16
    at new Promise (&lt;anonymous&gt;)
    at WKSession.send (/private/var/folders/18/q5phhfxn7n78r8d9_6qnp95r0000gn/T/playwright-java-10633716006018897578/package/lib/server/webkit/wkConnection.js:159:12)
    at WKPage._updateViewport (/private/var/folders/18/q5phhfxn7n78r8d9_6qnp95r0000gn/T/playwright-java-10633716006018897578/package/lib/server/webkit/wkPage.js:815:23)
    at WKPage._initializePageProxySession (/private/var/folders/18/q5phhfxn7n78r8d9_6qnp95r0000gn/T/playwright-java-10633716006018897578/package/lib/server/webkit/wkPage.js:152:24)
    at WKPage._onTargetCreated (/private/var/folders/18/q5phhfxn7n78r8d9_6qnp95r0000gn/T/playwright-java-10633716006018897578/package/lib/server/webkit/wkPage.js:423:33)
    at WKSession.emit (node:events:390:28)
    at /private/var/folders/18/q5phhfxn7n78r8d9_6qnp95r0000gn/T/playwright-java-10633716006018897578/package/lib/server/webkit/wkConnection.js:205:41
}
	at com.microsoft.playwright.impl.WaitableResult.get(WaitableResult.java:54)
	at com.microsoft.playwright.impl.ChannelOwner.runUntil(ChannelOwner.java:103)
	at com.microsoft.playwright.impl.Connection.sendMessage(Connection.java:105)
	at com.microsoft.playwright.impl.ChannelOwner.sendMessage(ChannelOwner.java:94)
	at com.microsoft.playwright.impl.ChannelOwner.sendMessage(ChannelOwner.java:90)
	at com.microsoft.playwright.impl.BrowserContextImpl.newPageImpl(BrowserContextImpl.java:323)
	at com.microsoft.playwright.impl.BrowserContextImpl.lambda$newPage$12(BrowserContextImpl.java:316)
	at com.microsoft.playwright.impl.LoggingSupport.withLogging(LoggingSupport.java:47)
	at com.microsoft.playwright.impl.ChannelOwner.withLogging(ChannelOwner.java:79)
	at com.microsoft.playwright.impl.BrowserContextImpl.newPage(BrowserContextImpl.java:316)
	at com.microsoft.playwright.impl.BrowserContextImpl.newPage(BrowserContextImpl.java:44)
	at com.qa.opencart.factory.PlaywrightFactory.initBrowser(PlaywrightFactory.java:61)
	at com.qa.opencart.base.BaseTest.setup(BaseTest.java:22)
	at java.base/jdk.internal.reflect.NativeMethodAccessorImpl.invoke0(Native Method)
	at java.base/jdk.internal.reflect.NativeMethodAccessorImpl.invoke(NativeMethodAccessorImpl.java:77)
	at java.base/jdk.internal.reflect.DelegatingMethodAccessorImpl.invoke(DelegatingMethodAccessorImpl.java:43)
	at java.base/java.lang.reflect.Method.invoke(Method.java:568)
	at org.testng.internal.MethodInvocationHelper.invokeMethod(MethodInvocationHelper.java:124)
	at org.testng.internal.MethodInvocationHelper.invokeMethodConsideringTimeout(MethodInvocationHelper.java:59)
	at org.testng.internal.Invoker.invokeConfigurationMethod(Invoker.java:458)
	at org.testng.internal.Invoker.invokeConfigurations(Invoker.java:222)
	at org.testng.internal.Invoker.invokeConfigurations(Invoker.java:142)
	at org.testng.TestRunner.beforeRun(TestRunner.java:529)
	at org.testng.TestRunner.run(TestRunner.java:497)
	at org.testng.SuiteRunner.runTest(SuiteRunner.java:455)
	at org.testng.SuiteRunner.runSequentially(SuiteRunner.java:450)
	at org.testng.SuiteRunner.privateRun(SuiteRunner.java:415)
	at org.testng.SuiteRunner.run(SuiteRunner.java:364)
	at org.testng.SuiteRunnerWorker.runSuite(SuiteRunnerWorker.java:52)
	at org.testng.SuiteRunnerWorker.run(SuiteRunnerWorker.java:84)
	at org.testng.TestNG.runSuitesSequentially(TestNG.java:1208)
	at org.testng.TestNG.runSuitesLocally(TestNG.java:1137)
	at org.testng.TestNG.runSuites(TestNG.java:1049)
	at org.testng.TestNG.run(TestNG.java:1017)
	at org.testng.remote.AbstractRemoteTestNG.run(AbstractRemoteTestNG.java:115)
	at org.testng.remote.RemoteTestNG.initAndRun(RemoteTestNG.java:251)
	at org.testng.remote.RemoteTestNG.main(RemoteTestNG.java:77)
Caused by: com.microsoft.playwright.impl.DriverException: Error {
  message=&apos;Target closed
  name=&apos;Error
  stack=&apos;Error: Target closed
    at /private/var/folders/18/q5phhfxn7n78r8d9_6qnp95r0000gn/T/playwright-java-10633716006018897578/package/lib/server/webkit/wkConnection.js:163:16
    at new Promise (&lt;anonymous&gt;)
    at WKSession.send (/private/var/folders/18/q5phhfxn7n78r8d9_6qnp95r0000gn/T/playwright-java-10633716006018897578/package/lib/server/webkit/wkConnection.js:159:12)
    at WKPage._updateViewport (/private/var/folders/18/q5phhfxn7n78r8d9_6qnp95r0000gn/T/playwright-java-10633716006018897578/package/lib/server/webkit/wkPage.js:815:23)
    at WKPage._initializePageProxySession (/private/var/folders/18/q5phhfxn7n78r8d9_6qnp95r0000gn/T/playwright-java-10633716006018897578/package/lib/server/webkit/wkPage.js:152:24)
    at WKPage._onTargetCreated (/private/var/folders/18/q5phhfxn7n78r8d9_6qnp95r0000gn/T/playwright-java-10633716006018897578/package/lib/server/webkit/wkPage.js:423:33)
    at WKSession.emit (node:events:390:28)
    at /private/var/folders/18/q5phhfxn7n78r8d9_6qnp95r0000gn/T/playwright-java-10633716006018897578/package/lib/server/webkit/wkConnection.js:205:41
}
	at com.microsoft.playwright.impl.Connection.dispatch(Connection.java:183)
	at com.microsoft.playwright.impl.Connection.processOneMessage(Connection.java:163)
	at com.microsoft.playwright.impl.ChannelOwner.runUntil(ChannelOwner.java:101)
	... 35 more

</div> <!-- stack-trace -->
                  <em>
(This test will verify the search results)                  </em>
                </div> <!-- method-content -->
              </div> <!-- method -->
            </div> <!-- main-panel-content rounded-window-bottom -->
          </div> <!-- suite-Open_Cart_Test_Regression_PW_Suite-class-skipped -->
        </div> <!-- panel Open_Cart_Test_Regression_PW_Suite -->
        <div panel-name="test-xml-Open_Cart_Test_Regression_PW_Suite" class="panel">
          <div class="main-panel-header rounded-window-top">
            <span class="header-content">/Users/saikat/Documents/git/eclipse-workspace/Playwright-POM/src/test/resources/testrunners/testng_regression.xml</span>
          </div> <!-- main-panel-header rounded-window-top -->
          <div class="main-panel-content rounded-window-bottom">
            <pre>
&lt;?xml version=&quot;1.0&quot; encoding=&quot;UTF-8&quot;?&gt;
&lt;!DOCTYPE suite SYSTEM &quot;http://testng.org/testng-1.0.dtd&quot;&gt;
&lt;suite name=&quot;Open Cart Test Regression PW Suite&quot; guice-stage=&quot;DEVELOPMENT&quot; verbose=&quot;4&quot;&gt;
  &lt;test thread-count=&quot;5&quot; name=&quot;Open Cart Home Page Test&quot; verbose=&quot;4&quot;&gt;
    &lt;classes&gt;
      &lt;class name=&quot;com.qa.opencart.tests.HomePageTest&quot;/&gt;
    &lt;/classes&gt;
  &lt;/test&gt; &lt;!-- Open Cart Home Page Test --&gt;
&lt;/suite&gt; &lt;!-- Open Cart Test Regression PW Suite --&gt;
            </pre>
          </div> <!-- main-panel-content rounded-window-bottom -->
        </div> <!-- panel -->
        <div panel-name="testlist-Open_Cart_Test_Regression_PW_Suite" class="panel">
          <div class="main-panel-header rounded-window-top">
            <span class="header-content">Tests for Open Cart Test Regression PW Suite</span>
          </div> <!-- main-panel-header rounded-window-top -->
          <div class="main-panel-content rounded-window-bottom">
            <ul>
              <li>
                <span class="test-name">Open Cart Home Page Test (1 class)</span>
              </li>
            </ul>
          </div> <!-- main-panel-content rounded-window-bottom -->
        </div> <!-- panel -->
        <div panel-name="group-Open_Cart_Test_Regression_PW_Suite" class="panel">
          <div class="main-panel-header rounded-window-top">
            <span class="header-content">Groups for Open Cart Test Regression PW Suite</span>
          </div> <!-- main-panel-header rounded-window-top -->
          <div class="main-panel-content rounded-window-bottom">
          </div> <!-- main-panel-content rounded-window-bottom -->
        </div> <!-- panel -->
        <div panel-name="times-Open_Cart_Test_Regression_PW_Suite" class="panel">
          <div class="main-panel-header rounded-window-top">
            <span class="header-content">Times for Open Cart Test Regression PW Suite</span>
          </div> <!-- main-panel-header rounded-window-top -->
          <div class="main-panel-content rounded-window-bottom">
            <div class="times-div">
              <script type="text/javascript">
suiteTableInitFunctions.push('tableData_Open_Cart_Test_Regression_PW_Suite');
function tableData_Open_Cart_Test_Regression_PW_Suite() {
var data = new google.visualization.DataTable();
data.addColumn('number', 'Number');
data.addColumn('string', 'Method');
data.addColumn('string', 'Class');
data.addColumn('number', 'Time (ms)');
data.addRows(5);
data.setCell(0, 0, 0)
data.setCell(0, 1, 'searchTest')
data.setCell(0, 2, 'com.qa.opencart.tests.HomePageTest')
data.setCell(0, 3, 0);
data.setCell(1, 0, 1)
data.setCell(1, 1, 'homePageTitleTest')
data.setCell(1, 2, 'com.qa.opencart.tests.HomePageTest')
data.setCell(1, 3, 0);
data.setCell(2, 0, 2)
data.setCell(2, 1, 'homePageURLTest')
data.setCell(2, 2, 'com.qa.opencart.tests.HomePageTest')
data.setCell(2, 3, 0);
data.setCell(3, 0, 3)
data.setCell(3, 1, 'searchTest')
data.setCell(3, 2, 'com.qa.opencart.tests.HomePageTest')
data.setCell(3, 3, 0);
data.setCell(4, 0, 4)
data.setCell(4, 1, 'searchTest')
data.setCell(4, 2, 'com.qa.opencart.tests.HomePageTest')
data.setCell(4, 3, 0);
window.suiteTableData['Open_Cart_Test_Regression_PW_Suite']= { tableData: data, tableDiv: 'times-div-Open_Cart_Test_Regression_PW_Suite'}
return data;
}
              </script>
              <span class="suite-total-time">Total running time: 0 ms</span>
              <div id="times-div-Open_Cart_Test_Regression_PW_Suite">
              </div> <!-- times-div-Open_Cart_Test_Regression_PW_Suite -->
            </div> <!-- times-div -->
          </div> <!-- main-panel-content rounded-window-bottom -->
        </div> <!-- panel -->
        <div panel-name="reporter-Open_Cart_Test_Regression_PW_Suite" class="panel">
          <div class="main-panel-header rounded-window-top">
            <span class="header-content">Reporter output for Open Cart Test Regression PW Suite</span>
          </div> <!-- main-panel-header rounded-window-top -->
          <div class="main-panel-content rounded-window-bottom">
          </div> <!-- main-panel-content rounded-window-bottom -->
        </div> <!-- panel -->
        <div panel-name="ignored-methods-Open_Cart_Test_Regression_PW_Suite" class="panel">
          <div class="main-panel-header rounded-window-top">
            <span class="header-content">0 ignored methods</span>
          </div> <!-- main-panel-header rounded-window-top -->
          <div class="main-panel-content rounded-window-bottom">
          </div> <!-- main-panel-content rounded-window-bottom -->
        </div> <!-- panel -->
        <div panel-name="chronological-Open_Cart_Test_Regression_PW_Suite" class="panel">
          <div class="main-panel-header rounded-window-top">
            <span class="header-content">Methods in chronological order</span>
          </div> <!-- main-panel-header rounded-window-top -->
          <div class="main-panel-content rounded-window-bottom">
            <div class="chronological-class">
              <div class="chronological-class-name">com.qa.opencart.tests.HomePageTest</div> <!-- chronological-class-name -->
              <div class="test-method">
                <span class="method-name">homePageTitleTest</span>
                <span class="method-start">0 ms</span>
              </div> <!-- test-method -->
              <div class="test-method">
                <span class="method-name">homePageURLTest</span>
                <span class="method-start">0 ms</span>
              </div> <!-- test-method -->
              <div class="test-method">
                <span class="method-name">searchTest</span>
                <span class="method-start">0 ms</span>
              </div> <!-- test-method -->
              <div class="test-method">
                <span class="method-name">searchTest</span>
                <span class="method-start">0 ms</span>
              </div> <!-- test-method -->
              <div class="test-method">
                <span class="method-name">searchTest</span>
                <span class="method-start">0 ms</span>
              </div> <!-- test-method -->
              <div class="configuration-test before">
                <img src="failed.png">
                </img>
                <span class="method-name">setup</span>
                <span class="method-start">0 ms</span>
              </div> <!-- configuration-test before -->
          </div> <!-- main-panel-content rounded-window-bottom -->
        </div> <!-- panel -->
      </div> <!-- main-panel-root -->
    </div> <!-- wrapper -->
  </body>
</html>
