<?xml version="1.0" encoding="UTF-8"?>
<!-- Generated by org.testng.reporters.JUnitReportReporter -->
<testsuite hostname="Saikats-MacBook-Pro.local" failures="0" tests="6" name="com.qa.opencart.tests.HomePageTest" time="11.223" errors="1" timestamp="09 Mar 2024 16:24:02 GMT" skipped="5">
  <testcase classname="com.qa.opencart.tests.HomePageTest" name="setup" time="11.223">
    <error message="Error {
  message=&#039;Target closed
  name=&#039;Error
  stack=&#039;Error: Target closed
    at /private/var/folders/18/q5phhfxn7n78r8d9_6qnp95r0000gn/T/playwright-java-10633716006018897578/package/lib/server/webkit/wkConnection.js:163:16
    at new Promise (&lt;anonymous&gt;)
    at WKSession.send (/private/var/folders/18/q5phhfxn7n78r8d9_6qnp95r0000gn/T/playwright-java-10633716006018897578/package/lib/server/webkit/wkConnection.js:159:12)
    at WKPage._updateViewport (/private/var/folders/18/q5phhfxn7n78r8d9_6qnp95r0000gn/T/playwright-java-10633716006018897578/package/lib/server/webkit/wkPage.js:815:23)
    at WKPage._initializePageProxySession (/private/var/folders/18/q5phhfxn7n78r8d9_6qnp95r0000gn/T/playwright-java-10633716006018897578/package/lib/server/webkit/wkPage.js:152:24)
    at WKPage._onTargetCreated (/private/var/folders/18/q5phhfxn7n78r8d9_6qnp95r0000gn/T/playwright-java-10633716006018897578/package/lib/server/webkit/wkPage.js:423:33)
    at WKSession.emit (node:events:390:28)
    at /private/var/folders/18/q5phhfxn7n78r8d9_6qnp95r0000gn/T/playwright-java-10633716006018897578/package/lib/server/webkit/wkConnection.js:205:41
}" type="com.microsoft.playwright.PlaywrightException">
      <![CDATA[com.microsoft.playwright.PlaywrightException: Error {
  message='Target closed
  name='Error
  stack='Error: Target closed
    at /private/var/folders/18/q5phhfxn7n78r8d9_6qnp95r0000gn/T/playwright-java-10633716006018897578/package/lib/server/webkit/wkConnection.js:163:16
    at new Promise (<anonymous>)
    at WKSession.send (/private/var/folders/18/q5phhfxn7n78r8d9_6qnp95r0000gn/T/playwright-java-10633716006018897578/package/lib/server/webkit/wkConnection.js:159:12)
    at WKPage._updateViewport (/private/var/folders/18/q5phhfxn7n78r8d9_6qnp95r0000gn/T/playwright-java-10633716006018897578/package/lib/server/webkit/wkPage.js:815:23)
    at WKPage._initializePageProxySession (/private/var/folders/18/q5phhfxn7n78r8d9_6qnp95r0000gn/T/playwright-java-10633716006018897578/package/lib/server/webkit/wkPage.js:152:24)
    at WKPage._onTargetCreated (/private/var/folders/18/q5phhfxn7n78r8d9_6qnp95r0000gn/T/playwright-java-10633716006018897578/package/lib/server/webkit/wkPage.js:423:33)
    at WKSession.emit (node:events:390:28)
    at /private/var/folders/18/q5phhfxn7n78r8d9_6qnp95r0000gn/T/playwright-java-10633716006018897578/package/lib/server/webkit/wkConnection.js:205:41
}
at com.microsoft.playwright.impl.WaitableResult.get(WaitableResult.java:54)
at com.microsoft.playwright.impl.ChannelOwner.runUntil(ChannelOwner.java:103)
at com.microsoft.playwright.impl.Connection.sendMessage(Connection.java:105)
at com.microsoft.playwright.impl.ChannelOwner.sendMessage(ChannelOwner.java:94)
at com.microsoft.playwright.impl.ChannelOwner.sendMessage(ChannelOwner.java:90)
at com.microsoft.playwright.impl.BrowserContextImpl.newPageImpl(BrowserContextImpl.java:323)
at com.microsoft.playwright.impl.BrowserContextImpl.lambda$newPage$12(BrowserContextImpl.java:316)
at com.microsoft.playwright.impl.LoggingSupport.withLogging(LoggingSupport.java:47)
at com.microsoft.playwright.impl.ChannelOwner.withLogging(ChannelOwner.java:79)
at com.microsoft.playwright.impl.BrowserContextImpl.newPage(BrowserContextImpl.java:316)
at com.microsoft.playwright.impl.BrowserContextImpl.newPage(BrowserContextImpl.java:44)
at com.qa.opencart.factory.PlaywrightFactory.initBrowser(PlaywrightFactory.java:61)
at com.qa.opencart.base.BaseTest.setup(BaseTest.java:22)
at java.base/jdk.internal.reflect.NativeMethodAccessorImpl.invoke0(Native Method)
at java.base/jdk.internal.reflect.NativeMethodAccessorImpl.invoke(NativeMethodAccessorImpl.java:77)
at java.base/jdk.internal.reflect.DelegatingMethodAccessorImpl.invoke(DelegatingMethodAccessorImpl.java:43)
at java.base/java.lang.reflect.Method.invoke(Method.java:568)
at org.testng.internal.MethodInvocationHelper.invokeMethod(MethodInvocationHelper.java:124)
at org.testng.internal.MethodInvocationHelper.invokeMethodConsideringTimeout(MethodInvocationHelper.java:59)
at org.testng.internal.Invoker.invokeConfigurationMethod(Invoker.java:458)
at org.testng.internal.Invoker.invokeConfigurations(Invoker.java:222)
at org.testng.internal.Invoker.invokeConfigurations(Invoker.java:142)
at org.testng.TestRunner.beforeRun(TestRunner.java:529)
at org.testng.TestRunner.run(TestRunner.java:497)
at org.testng.SuiteRunner.runTest(SuiteRunner.java:455)
at org.testng.SuiteRunner.runSequentially(SuiteRunner.java:450)
at org.testng.SuiteRunner.privateRun(SuiteRunner.java:415)
at org.testng.SuiteRunner.run(SuiteRunner.java:364)
at org.testng.SuiteRunnerWorker.runSuite(SuiteRunnerWorker.java:52)
at org.testng.SuiteRunnerWorker.run(SuiteRunnerWorker.java:84)
at org.testng.TestNG.runSuitesSequentially(TestNG.java:1208)
at org.testng.TestNG.runSuitesLocally(TestNG.java:1137)
at org.testng.TestNG.runSuites(TestNG.java:1049)
at org.testng.TestNG.run(TestNG.java:1017)
at org.testng.remote.AbstractRemoteTestNG.run(AbstractRemoteTestNG.java:115)
at org.testng.remote.RemoteTestNG.initAndRun(RemoteTestNG.java:251)
at org.testng.remote.RemoteTestNG.main(RemoteTestNG.java:77)
Caused by: com.microsoft.playwright.impl.DriverException: Error {
  message='Target closed
  name='Error
  stack='Error: Target closed
    at /private/var/folders/18/q5phhfxn7n78r8d9_6qnp95r0000gn/T/playwright-java-10633716006018897578/package/lib/server/webkit/wkConnection.js:163:16
    at new Promise (<anonymous>)
    at WKSession.send (/private/var/folders/18/q5phhfxn7n78r8d9_6qnp95r0000gn/T/playwright-java-10633716006018897578/package/lib/server/webkit/wkConnection.js:159:12)
    at WKPage._updateViewport (/private/var/folders/18/q5phhfxn7n78r8d9_6qnp95r0000gn/T/playwright-java-10633716006018897578/package/lib/server/webkit/wkPage.js:815:23)
    at WKPage._initializePageProxySession (/private/var/folders/18/q5phhfxn7n78r8d9_6qnp95r0000gn/T/playwright-java-10633716006018897578/package/lib/server/webkit/wkPage.js:152:24)
    at WKPage._onTargetCreated (/private/var/folders/18/q5phhfxn7n78r8d9_6qnp95r0000gn/T/playwright-java-10633716006018897578/package/lib/server/webkit/wkPage.js:423:33)
    at WKSession.emit (node:events:390:28)
    at /private/var/folders/18/q5phhfxn7n78r8d9_6qnp95r0000gn/T/playwright-java-10633716006018897578/package/lib/server/webkit/wkConnection.js:205:41
}
at com.microsoft.playwright.impl.Connection.dispatch(Connection.java:183)
at com.microsoft.playwright.impl.Connection.processOneMessage(Connection.java:163)
at com.microsoft.playwright.impl.ChannelOwner.runUntil(ChannelOwner.java:101)
... 35 more
]]>
    </error>
  </testcase> <!-- setup -->
  <testcase classname="com.qa.opencart.tests.HomePageTest" name="homePageTitleTest" time="0.000">
    <skipped/>
  </testcase> <!-- homePageTitleTest -->
  <testcase classname="com.qa.opencart.tests.HomePageTest" name="homePageURLTest" time="0.000">
    <skipped/>
  </testcase> <!-- homePageURLTest -->
  <testcase classname="com.qa.opencart.tests.HomePageTest" name="searchTest" time="0.000">
    <skipped/>
  </testcase> <!-- searchTest -->
  <testcase classname="com.qa.opencart.tests.HomePageTest" name="searchTest" time="0.000">
    <skipped/>
  </testcase> <!-- searchTest -->
  <testcase classname="com.qa.opencart.tests.HomePageTest" name="searchTest" time="0.000">
    <skipped/>
  </testcase> <!-- searchTest -->
</testsuite> <!-- com.qa.opencart.tests.HomePageTest -->
